<?xml version="1.0" encoding="UTF-8"?><testrun name="TestRunner (8)" project="maven.cucumber_practice_5th_july99" tests="1" started="1" failures="0" errors="1" ignored="0">
  <testsuite name="com.acc.cucumber_day1_practice.TestRunner" time="0.01">
    <testcase name="initializationError" classname="com.acc.cucumber_day1_practice.TestRunner" time="0.01">
      <error>java.lang.IllegalArgumentException: Not a file or directory: C:\cucumber_lateral\maven.cucumber_practice_5th_july99\Feature&#13;
	at cucumber.runtime.io.FileResourceIterator$FileIterator.&lt;init&gt;(FileResourceIterator.java:54)&#13;
	at cucumber.runtime.io.FileResourceIterator.&lt;init&gt;(FileResourceIterator.java:20)&#13;
	at cucumber.runtime.io.FileResourceIterable.iterator(FileResourceIterable.java:19)&#13;
	at cucumber.runtime.model.CucumberFeature.loadFromFeaturePath(CucumberFeature.java:103)&#13;
	at cucumber.runtime.model.CucumberFeature.load(CucumberFeature.java:54)&#13;
	at cucumber.runtime.model.CucumberFeature.load(CucumberFeature.java:34)&#13;
	at cucumber.runtime.RuntimeOptions.cucumberFeatures(RuntimeOptions.java:239)&#13;
	at cucumber.api.junit.Cucumber.&lt;init&gt;(Cucumber.java:62)&#13;
	at sun.reflect.NativeConstructorAccessorImpl.newInstance0(Native Method)&#13;
	at sun.reflect.NativeConstructorAccessorImpl.newInstance(Unknown Source)&#13;
	at sun.reflect.DelegatingConstructorAccessorImpl.newInstance(Unknown Source)&#13;
	at java.lang.reflect.Constructor.newInstance(Unknown Source)&#13;
	at org.junit.internal.builders.AnnotatedBuilder.buildRunner(AnnotatedBuilder.java:104)&#13;
	at org.junit.internal.builders.AnnotatedBuilder.runnerForClass(AnnotatedBuilder.java:86)&#13;
	at org.junit.runners.model.RunnerBuilder.safeRunnerForClass(RunnerBuilder.java:59)&#13;
	at org.junit.internal.builders.AllDefaultPossibilitiesBuilder.runnerForClass(AllDefaultPossibilitiesBuilder.java:26)&#13;
	at org.junit.runners.model.RunnerBuilder.safeRunnerForClass(RunnerBuilder.java:59)&#13;
	at org.junit.internal.requests.ClassRequest.getRunner(ClassRequest.java:33)&#13;
	at org.eclipse.jdt.internal.junit4.runner.JUnit4TestLoader.createUnfilteredTest(JUnit4TestLoader.java:87)&#13;
	at org.eclipse.jdt.internal.junit4.runner.JUnit4TestLoader.createTest(JUnit4TestLoader.java:73)&#13;
	at org.eclipse.jdt.internal.junit4.runner.JUnit4TestLoader.loadTests(JUnit4TestLoader.java:46)&#13;
	at org.eclipse.jdt.internal.junit.runner.RemoteTestRunner.runTests(RemoteTestRunner.java:522)&#13;
	at org.eclipse.jdt.internal.junit.runner.RemoteTestRunner.runTests(RemoteTestRunner.java:760)&#13;
	at org.eclipse.jdt.internal.junit.runner.RemoteTestRunner.run(RemoteTestRunner.java:460)&#13;
	at org.eclipse.jdt.internal.junit.runner.RemoteTestRunner.main(RemoteTestRunner.java:206)&#13;
&#13;
</error>
    </testcase>
  </testsuite>
</testrun>
