<?xml version="1.0" encoding="UTF-8"?>
<!-- Generated by org.testng.reporters.JUnitXMLReporter -->
<testsuite hostname="BDC4-L-5465DLY" ignored="0" name="Default test" tests="3" failures="0" timestamp="13 Apr 2018 06:49:15 GMT" time="28.819" errors="0">
  <testcase name="signup" time="9.659" classname="cucumber_lateral_practice_test.SeleniumTest"/>
  <testcase name="login" time="2.58" classname="cucumber_lateral_practice_test.SeleniumTest"/>
  <testcase name="cart" time="9.291" classname="cucumber_lateral_practice_test.SeleniumTest"/>
</testsuite> <!-- Default test -->
